<?xml version="1.0" encoding="UTF-8"?>
<project name="junittest" default="all">
  
  
  <property file="junittest.properties"/>
  <!-- Uncomment the following property if no tests compilation is needed -->
  <!-- 
  <property name="skip.tests" value="true"/>
   -->
  
  <!-- Compiler options -->
  
  <property name="compiler.debug" value="on"/>
  <property name="compiler.generate.no.warnings" value="off"/>
  <property name="compiler.args" value=""/>
  <property name="compiler.max.memory" value="128m"/>
  <patternset id="ignored.files">
    <exclude name="**/CVS/**"/>
    <exclude name="**/SCCS/**"/>
    <exclude name="**/RCS/**"/>
    <exclude name="**/rcs/**"/>
    <exclude name="**/.DS_Store/**"/>
    <exclude name="**/.svn/**"/>
    <exclude name="**/.pyc/**"/>
    <exclude name="**/.pyo/**"/>
    <exclude name="**/*.pyc/**"/>
    <exclude name="**/*.pyo/**"/>
    <exclude name="**/.git/**"/>
    <exclude name="**/*.hprof/**"/>
    <exclude name="**/_svn/**"/>
    <exclude name="**/.hg/**"/>
    <exclude name="**/*.lib/**"/>
    <exclude name="**/*~/**"/>
    <exclude name="**/__pycache__/**"/>
    <exclude name="**/.bundle/**"/>
    <exclude name="**/*.rbc/**"/>
  </patternset>
  <patternset id="library.patterns">
    <include name="*.zip"/>
    <include name="*.apk"/>
    <include name="*.war"/>
    <include name="*.egg"/>
    <include name="*.ear"/>
    <include name="*.ane"/>
    <include name="*.swc"/>
    <include name="*.jar"/>
  </patternset>
  <patternset id="compiler.resources">
    <exclude name="**/?*.java"/>
    <exclude name="**/?*.form"/>
    <exclude name="**/?*.class"/>
    <exclude name="**/?*.groovy"/>
    <exclude name="**/?*.scala"/>
    <exclude name="**/?*.flex"/>
    <exclude name="**/?*.kt"/>
    <exclude name="**/?*.clj"/>
  </patternset>
  
  <!-- JDK definitions -->
  
  <property name="jdk.bin.1.7" value="${jdk.home.1.7}/bin"/>
  <path id="jdk.classpath.1.7">
    <fileset dir="${jdk.home.1.7}">
      <include name="jre/lib/charsets.jar"/>
      <include name="jre/lib/deploy.jar"/>
      <include name="jre/lib/javaws.jar"/>
      <include name="jre/lib/jce.jar"/>
      <include name="jre/lib/jfr.jar"/>
      <include name="jre/lib/jfxrt.jar"/>
      <include name="jre/lib/jsse.jar"/>
      <include name="jre/lib/management-agent.jar"/>
      <include name="jre/lib/plugin.jar"/>
      <include name="jre/lib/resources.jar"/>
      <include name="jre/lib/rt.jar"/>
      <include name="jre/lib/ext/access-bridge-64.jar"/>
      <include name="jre/lib/ext/dnsns.jar"/>
      <include name="jre/lib/ext/jaccess.jar"/>
      <include name="jre/lib/ext/localedata.jar"/>
      <include name="jre/lib/ext/sunec.jar"/>
      <include name="jre/lib/ext/sunjce_provider.jar"/>
      <include name="jre/lib/ext/sunmscapi.jar"/>
      <include name="jre/lib/ext/zipfs.jar"/>
    </fileset>
  </path>
  
  <property name="project.jdk.home" value="${jdk.home.1.7}"/>
  <property name="project.jdk.bin" value="${jdk.bin.1.7}"/>
  <property name="project.jdk.classpath" value="jdk.classpath.1.7"/>
  
  
  <!-- Project Libraries -->
  
  <path id="library.hamcrest-core-1.3.classpath">
    <pathelement location="${basedir}/lib/hamcrest-core-1.3.jar"/>
  </path>
  
  <path id="library.junit-4.12.classpath">
    <pathelement location="${basedir}/lib/junit-4.12.jar"/>
  </path>
  <!-- Register Custom Compiler Taskdefs -->
  <property name="javac2.home" value="${idea.home}/lib"/>
  <path id="javac2.classpath">
    <pathelement location="${javac2.home}/javac2.jar"/>
    <pathelement location="${javac2.home}/jdom.jar"/>
    <pathelement location="${javac2.home}/asm4-all.jar"/>
    <pathelement location="${javac2.home}/jgoodies-forms.jar"/>
  </path>
  
  <!-- Modules -->
  
  
  <!-- Module JunitTest -->
  
  <dirname property="module.junittest.basedir" file="${ant.file}"/>
  
  
  <property name="module.jdk.home.junittest" value="${project.jdk.home}"/>
  <property name="module.jdk.bin.junittest" value="${project.jdk.bin}"/>
  <property name="module.jdk.classpath.junittest" value="${project.jdk.classpath}"/>
  
  <property name="compiler.args.junittest" value="${compiler.args}"/>
  
  <property name="junittest.output.dir" value="${module.junittest.basedir}/bin"/>
  <property name="junittest.testoutput.dir" value="${module.junittest.basedir}/bin"/>
  
  <path id="junittest.module.bootclasspath">
    <!-- Paths to be included in compilation bootclasspath -->
  </path>
  
  <path id="junittest.module.production.classpath">
    <path refid="${module.jdk.classpath.junittest}"/>
    <path refid="library.hamcrest-core-1.3.classpath"/>
    <path refid="library.junit-4.12.classpath"/>
  </path>
  
  <path id="junittest.runtime.production.module.classpath">
    <pathelement location="${junittest.output.dir}"/>
    <path refid="library.hamcrest-core-1.3.classpath"/>
    <path refid="library.junit-4.12.classpath"/>
  </path>
  
  <path id="junittest.module.classpath">
    <pathelement location="${junittest.output.dir}"/>
    <path refid="${module.jdk.classpath.junittest}"/>
    <path refid="library.hamcrest-core-1.3.classpath"/>
    <path refid="library.junit-4.12.classpath"/>
  </path>
  
  <path id="junittest.runtime.module.classpath">
    <pathelement location="${junittest.output.dir}"/>
    <path refid="library.hamcrest-core-1.3.classpath"/>
    <path refid="library.junit-4.12.classpath"/>
  </path>
  
  
  <patternset id="excluded.from.module.junittest">
    <patternset refid="ignored.files"/>
  </patternset>
  
  <patternset id="excluded.from.compilation.junittest">
    <patternset refid="excluded.from.module.junittest"/>
  </patternset>
  
  <path id="junittest.module.sourcepath">
    <dirset dir="${module.junittest.basedir}">
      <include name="src"/>
      <include name="test"/>
    </dirset>
  </path>
  
  
  <target name="compile.module.junittest" depends="compile.module.junittest.production,compile.module.junittest.tests" description="Compile module JunitTest"/>
  
  <target name="compile.module.junittest.production" depends="register.custom.compilers" description="Compile module JunitTest; production classes">
    <mkdir dir="${junittest.output.dir}"/>
    <javac2 destdir="${junittest.output.dir}" debug="${compiler.debug}" nowarn="${compiler.generate.no.warnings}" memorymaximumsize="${compiler.max.memory}" fork="true" executable="${module.jdk.bin.junittest}/javac">
      <compilerarg line="${compiler.args.junittest}"/>
      <bootclasspath refid="junittest.module.bootclasspath"/>
      <classpath refid="junittest.module.production.classpath"/>
      <src refid="junittest.module.sourcepath"/>
      <patternset refid="excluded.from.compilation.junittest"/>
    </javac2>
    
    <copy todir="${junittest.output.dir}">
      <fileset dir="${module.junittest.basedir}/src">
        <patternset refid="compiler.resources"/>
        <type type="file"/>
      </fileset>
      <fileset dir="${module.junittest.basedir}/test">
        <patternset refid="compiler.resources"/>
        <type type="file"/>
      </fileset>
    </copy>
  </target>
  
  <target name="compile.module.junittest.tests" depends="compile.module.junittest.production" description="compile module JunitTest; test classes" unless="skip.tests"/>
  
  <target name="clean.module.junittest" description="cleanup module">
    <delete dir="${junittest.output.dir}"/>
    <delete dir="${junittest.testoutput.dir}"/>
  </target>
  
  <target name="init" description="Build initialization">
    <!-- Perform any build initialization in this target -->
  </target>
  
  <target name="clean" depends="clean.module.junittest" description="cleanup all"/>
  
  <target name="build.modules" depends="init, clean, compile.module.junittest" description="build all modules"/>
  
  <target name="all" depends="build.modules" description="build all"/>
</project>
